<?xml version="1.0" encoding="UTF-8"?>
<!-- Generated by org.testng.reporters.JUnitReportReporter -->
<testsuite hostname="Pet-Computer" failures="0" tests="3" name="Topic_03" time="48.643" errors="0" timestamp="09 Apr 2023 09:26:54 GMT" skipped="0">
  <testcase classname="Topic_03" name="TC_05_RegisterConfirmPassword" time="15.496"/>
  <testcase classname="Topic_03" name="TC_04_RegiterwithPassword" time="24.978"/>
  <testcase classname="Topic_03" name="TC_06_InvalidPhone" time="8.169"/>
</testsuite> <!-- Topic_03 -->
