<?xml version="1.0" encoding="UTF-8"?>
<!-- Generated by org.testng.reporters.JUnitReportReporter -->
<testsuite hostname="Pet-Computer" failures="0" tests="3" name="TestDemo" time="0.175" errors="0" timestamp="02 Apr 2023 17:01:22 GMT" skipped="0">
  <testcase classname="TestDemo" name="TC_02_Logo" time="0.105"/>
  <testcase classname="TestDemo" name="TC_03_Form" time="0.047"/>
  <testcase classname="TestDemo" name="TC_01_Url" time="0.023"/>
</testsuite> <!-- TestDemo -->
